# JRE version: OpenJDK Runtime Environment (15.0.2+7) (build 15.0.2+7-27)
# Java VM: OpenJDK 64-Bit Server VM (15.0.2+7-27, mixed mode, tiered, compressed oops, g1 gc, windows-amd64)
GC Precious Log:
 CPUs: 8 total, 8 available
 Memory: 20362M
 Large Page Support: Disabled
 NUMA Support: Disabled
 Compressed Oops: Enabled (Zero based)
 Heap Region Size: 4M
 Heap Min Capacity: 8M
 Heap Initial Capacity: 320M
 Heap Max Capacity: 5092M
 Pre-touch: Disabled
 Parallel Workers: 8
 Concurrent Workers: 2
 Concurrent Refinement Workers: 8
 Periodic GC: Disabled
Heap:
 garbage-first heap   total 172032K, used 100798K [0x00000006c1c00000, 0x0000000800000000)
  region size 4096K, 14 young (57344K), 2 survivors (8192K)
 Metaspace       used 98470K, capacity 99671K, committed 99708K, reserved 1138688K
  class space    used 10939K, capacity 11246K, committed 11264K, reserved 1048576K
GC Heap History (20 events):
Event: 11.375 GC heap before
{Heap before GC invocations=30 (full 0):
 garbage-first heap   total 143360K, used 105984K [0x00000006c1c00000, 0x0000000800000000)
  region size 4096K, 17 young (69632K), 3 survivors (12288K)
 Metaspace       used 81325K, capacity 82193K, committed 82300K, reserved 1122304K
  class space    used 9616K, capacity 9898K, committed 9984K, reserved 1048576K
}
Event: 11.383 GC heap after
{Heap after GC invocations=31 (full 0):
 garbage-first heap   total 172032K, used 51165K [0x00000006c1c00000, 0x0000000800000000)
  region size 4096K, 2 young (8192K), 2 survivors (8192K)
 Metaspace       used 81325K, capacity 82193K, committed 82300K, reserved 1122304K
  class space    used 9616K, capacity 9898K, committed 9984K, reserved 1048576K
}
Event: 12.181 GC heap before
{Heap before GC invocations=31 (full 0):
 garbage-first heap   total 172032K, used 133085K [0x00000006c1c00000, 0x0000000800000000)
  region size 4096K, 22 young (90112K), 2 survivors (8192K)
 Metaspace       used 88417K, capacity 89291K, committed 89596K, reserved 1128448K
  class space    used 10291K, capacity 10553K, committed 10624K, reserved 1048576K
}
Event: 12.191 GC heap after
{Heap after GC invocations=32 (full 0):
 garbage-first heap   total 172032K, used 54490K [0x00000006c1c00000, 0x0000000800000000)
  region size 4096K, 3 young (12288K), 3 survivors (12288K)
 Metaspace       used 88417K, capacity 89291K, committed 89596K, reserved 1128448K
  class space    used 10291K, capacity 10553K, committed 10624K, reserved 1048576K
}
Event: 103.046 GC heap before
{Heap before GC invocations=32 (full 0):
 garbage-first heap   total 172032K, used 128218K [0x00000006c1c00000, 0x0000000800000000)
  region size 4096K, 22 young (90112K), 3 survivors (12288K)
 Metaspace       used 95565K, capacity 96602K, committed 96892K, reserved 1134592K
  class space    used 10851K, capacity 11152K, committed 11264K, reserved 1048576K
}
Event: 103.064 GC heap after
{Heap after GC invocations=33 (full 0):
 garbage-first heap   total 172032K, used 55927K [0x00000006c1c00000, 0x0000000800000000)
  region size 4096K, 2 young (8192K), 2 survivors (8192K)
 Metaspace       used 95565K, capacity 96602K, committed 96892K, reserved 1134592K
  class space    used 10851K, capacity 11152K, committed 11264K, reserved 1048576K
}
Event: 298.910 GC heap before
{Heap before GC invocations=33 (full 0):
 garbage-first heap   total 172032K, used 129655K [0x00000006c1c00000, 0x0000000800000000)
  region size 4096K, 21 young (86016K), 2 survivors (8192K)
 Metaspace       used 96310K, capacity 97394K, committed 97660K, reserved 1136640K
  class space    used 10855K, capacity 11160K, committed 11264K, reserved 1048576K
}
Event: 298.920 GC heap after
{Heap after GC invocations=34 (full 0):
 garbage-first heap   total 172032K, used 56480K [0x00000006c1c00000, 0x0000000800000000)
  region size 4096K, 2 young (8192K), 2 survivors (8192K)
 Metaspace       used 96310K, capacity 97394K, committed 97660K, reserved 1136640K
  class space    used 10855K, capacity 11160K, committed 11264K, reserved 1048576K
}
Event: 594.093 GC heap before
{Heap before GC invocations=34 (full 0):
 garbage-first heap   total 172032K, used 130208K [0x00000006c1c00000, 0x0000000800000000)
  region size 4096K, 21 young (86016K), 2 survivors (8192K)
 Metaspace       used 96684K, capacity 97799K, committed 97916K, reserved 1136640K
  class space    used 10866K, capacity 11165K, committed 11264K, reserved 1048576K
}
Event: 594.098 GC heap after
{Heap after GC invocations=35 (full 0):
 garbage-first heap   total 172032K, used 57550K [0x00000006c1c00000, 0x0000000800000000)
  region size 4096K, 2 young (8192K), 2 survivors (8192K)
 Metaspace       used 96684K, capacity 97799K, committed 97916K, reserved 1136640K
  class space    used 10866K, capacity 11165K, committed 11264K, reserved 1048576K
}
Event: 11524.302 GC heap before
{Heap before GC invocations=35 (full 0):
 garbage-first heap   total 172032K, used 131278K [0x00000006c1c00000, 0x0000000800000000)
  region size 4096K, 21 young (86016K), 2 survivors (8192K)
 Metaspace       used 97230K, capacity 98359K, committed 98684K, reserved 1136640K
  class space    used 10872K, capacity 11175K, committed 11264K, reserved 1048576K
}
Event: 11524.308 GC heap after
{Heap after GC invocations=36 (full 0):
 garbage-first heap   total 172032K, used 57013K [0x00000006c1c00000, 0x0000000800000000)
  region size 4096K, 1 young (4096K), 1 survivors (4096K)
 Metaspace       used 97230K, capacity 98359K, committed 98684K, reserved 1136640K
  class space    used 10872K, capacity 11175K, committed 11264K, reserved 1048576K
}
Event: 49040.308 GC heap before
{Heap before GC invocations=36 (full 0):
 garbage-first heap   total 172032K, used 138933K [0x00000006c1c00000, 0x0000000800000000)
  region size 4096K, 21 young (86016K), 1 survivors (4096K)
 Metaspace       used 97308K, capacity 98487K, committed 98684K, reserved 1136640K
  class space    used 10872K, capacity 11175K, committed 11264K, reserved 1048576K
}
Event: 49040.313 GC heap after
{Heap after GC invocations=37 (full 0):
 garbage-first heap   total 172032K, used 56827K [0x00000006c1c00000, 0x0000000800000000)
  region size 4096K, 1 young (4096K), 1 survivors (4096K)
 Metaspace       used 97308K, capacity 98487K, committed 98684K, reserved 1136640K
  class space    used 10872K, capacity 11175K, committed 11264K, reserved 1048576K
}
Event: 49696.311 GC heap before
{Heap before GC invocations=37 (full 0):
 garbage-first heap   total 172032K, used 138747K [0x00000006c1c00000, 0x0000000800000000)
  region size 4096K, 21 young (86016K), 1 survivors (4096K)
 Metaspace       used 97314K, capacity 98487K, committed 98684K, reserved 1136640K
  class space    used 10872K, capacity 11175K, committed 11264K, reserved 1048576K
}
Event: 49696.317 GC heap after
{Heap after GC invocations=38 (full 0):
 garbage-first heap   total 172032K, used 56239K [0x00000006c1c00000, 0x0000000800000000)
  region size 4096K, 1 young (4096K), 1 survivors (4096K)
 Metaspace       used 97314K, capacity 98487K, committed 98684K, reserved 1136640K
  class space    used 10872K, capacity 11175K, committed 11264K, reserved 1048576K
}
Event: 50333.790 GC heap before
{Heap before GC invocations=38 (full 0):
 garbage-first heap   total 172032K, used 138159K [0x00000006c1c00000, 0x0000000800000000)
  region size 4096K, 22 young (90112K), 1 survivors (4096K)
 Metaspace       used 97361K, capacity 98557K, committed 98684K, reserved 1136640K
  class space    used 10876K, capacity 11176K, committed 11264K, reserved 1048576K
}
Event: 50333.796 GC heap after
{Heap after GC invocations=39 (full 0):
 garbage-first heap   total 172032K, used 57449K [0x00000006c1c00000, 0x0000000800000000)
  region size 4096K, 1 young (4096K), 1 survivors (4096K)
 Metaspace       used 97361K, capacity 98557K, committed 98684K, reserved 1136640K
  class space    used 10876K, capacity 11176K, committed 11264K, reserved 1048576K
}
Event: 50481.193 GC heap before
{Heap before GC invocations=39 (full 0):
 garbage-first heap   total 172032K, used 135273K [0x00000006c1c00000, 0x0000000800000000)
  region size 4096K, 21 young (86016K), 1 survivors (4096K)
 Metaspace       used 98228K, capacity 99396K, committed 99452K, reserved 1138688K
  class space    used 10926K, capacity 11242K, committed 11264K, reserved 1048576K
}
Event: 50481.198 GC heap after
{Heap after GC invocations=40 (full 0):
 garbage-first heap   total 172032K, used 59838K [0x00000006c1c00000, 0x0000000800000000)
  region size 4096K, 2 young (8192K), 2 survivors (8192K)
 Metaspace       used 98228K, capacity 99396K, committed 99452K, reserved 1138688K
  class space    used 10926K, capacity 11242K, committed 11264K, reserved 1048576K
}

